Determining if the pthread_create exist failed with the following output:
Change Dir: /home/yukihiro/workspace/catkin_ws/src/vehicle_model/osrf_citysim/build/CMakeFiles/CMakeTmp

Run Build Command:"/usr/bin/make" "cmTC_8c151/fast"
/usr/bin/make -f CMakeFiles/cmTC_8c151.dir/build.make CMakeFiles/cmTC_8c151.dir/build
make[1]: Entering directory '/home/yukihiro/workspace/catkin_ws/src/vehicle_model/osrf_citysim/build/CMakeFiles/CMakeTmp'
Building C object CMakeFiles/cmTC_8c151.dir/CheckSymbolExists.c.o
/usr/bin/cc     -o CMakeFiles/cmTC_8c151.dir/CheckSymbolExists.c.o   -c /home/yukihiro/workspace/catkin_ws/src/vehicle_model/osrf_citysim/build/CMakeFiles/CMakeTmp/CheckSymbolExists.c
Linking C executable cmTC_8c151
/usr/bin/cmake -E cmake_link_script CMakeFiles/cmTC_8c151.dir/link.txt --verbose=1
/usr/bin/cc       CMakeFiles/cmTC_8c151.dir/CheckSymbolExists.c.o  -o cmTC_8c151 -rdynamic 
CMakeFiles/cmTC_8c151.dir/CheckSymbolExists.c.o: In function `main':
CheckSymbolExists.c:(.text+0x16): undefined reference to `pthread_create'
collect2: error: ld returned 1 exit status
CMakeFiles/cmTC_8c151.dir/build.make:97: recipe for target 'cmTC_8c151' failed
make[1]: *** [cmTC_8c151] Error 1
make[1]: Leaving directory '/home/yukihiro/workspace/catkin_ws/src/vehicle_model/osrf_citysim/build/CMakeFiles/CMakeTmp'
Makefile:126: recipe for target 'cmTC_8c151/fast' failed
make: *** [cmTC_8c151/fast] Error 2

File /home/yukihiro/workspace/catkin_ws/src/vehicle_model/osrf_citysim/build/CMakeFiles/CMakeTmp/CheckSymbolExists.c:
/* */
#include <pthread.h>

int main(int argc, char** argv)
{
  (void)argv;
#ifndef pthread_create
  return ((int*)(&pthread_create))[argc];
#else
  (void)argc;
  return 0;
#endif
}

Determining if the function pthread_create exists in the pthreads failed with the following output:
Change Dir: /home/yukihiro/workspace/catkin_ws/src/vehicle_model/osrf_citysim/build/CMakeFiles/CMakeTmp

Run Build Command:"/usr/bin/make" "cmTC_a150d/fast"
/usr/bin/make -f CMakeFiles/cmTC_a150d.dir/build.make CMakeFiles/cmTC_a150d.dir/build
make[1]: Entering directory '/home/yukihiro/workspace/catkin_ws/src/vehicle_model/osrf_citysim/build/CMakeFiles/CMakeTmp'
Building C object CMakeFiles/cmTC_a150d.dir/CheckFunctionExists.c.o
/usr/bin/cc    -DCHECK_FUNCTION_EXISTS=pthread_create   -o CMakeFiles/cmTC_a150d.dir/CheckFunctionExists.c.o   -c /usr/share/cmake-3.5/Modules/CheckFunctionExists.c
Linking C executable cmTC_a150d
/usr/bin/cmake -E cmake_link_script CMakeFiles/cmTC_a150d.dir/link.txt --verbose=1
/usr/bin/cc   -DCHECK_FUNCTION_EXISTS=pthread_create    CMakeFiles/cmTC_a150d.dir/CheckFunctionExists.c.o  -o cmTC_a150d -rdynamic -lpthreads 
/usr/bin/ld: cannot find -lpthreads
collect2: error: ld returned 1 exit status
CMakeFiles/cmTC_a150d.dir/build.make:97: recipe for target 'cmTC_a150d' failed
make[1]: *** [cmTC_a150d] Error 1
make[1]: Leaving directory '/home/yukihiro/workspace/catkin_ws/src/vehicle_model/osrf_citysim/build/CMakeFiles/CMakeTmp'
Makefile:126: recipe for target 'cmTC_a150d/fast' failed
make: *** [cmTC_a150d/fast] Error 2


